[0.022s] Invoking command in '/home/khemin/khemin_omni/build/omni_wheel_drive_controller': CMAKE_PREFIX_PATH=${CMAKE_PREFIX_PATH}:/opt/ros/jazzy DEBUGINFOD_URLS=https://debuginfod.ubuntu.com /usr/bin/cmake /home/khemin/khemin_omni/omni_wheel_drive_controller -DCMAKE_INSTALL_PREFIX=/home/khemin/khemin_omni/install/omni_wheel_drive_controller
[0.151s] -- The C compiler identification is GNU 13.3.0
[0.276s] -- The CXX compiler identification is GNU 13.3.0
[0.310s] -- Detecting C compiler ABI info
[0.495s] -- Detecting C compiler ABI info - done
[0.517s] -- Check for working C compiler: /usr/bin/cc - skipped
[0.518s] -- Detecting C compile features
[0.519s] -- Detecting C compile features - done
[0.540s] -- Detecting CXX compiler ABI info
[0.770s] -- Detecting CXX compiler ABI info - done
[0.793s] -- Check for working CXX compiler: /usr/bin/c++ - skipped
[0.793s] -- Detecting CXX compile features
[0.795s] -- Detecting CXX compile features - done
[0.807s] -- Found ros2_control_cmake: 0.2.1 (/opt/ros/jazzy/share/ros2_control_cmake/cmake)
[0.807s] -- Compiler warnings enabled for GNU
[0.807s] -- Detected GCC Version: 13.3.0 (Major: 13, Minor: 3)
[0.819s] -- Found ament_cmake: 2.5.4 (/opt/ros/jazzy/share/ament_cmake/cmake)
[1.202s] -- Found Python3: /usr/bin/python3 (found version "3.12.3") found components: Interpreter 
[1.533s] -- Found controller_interface: 4.35.0 (/opt/ros/jazzy/share/controller_interface/cmake)
[1.731s] -- Found rosidl_generator_c: 4.6.5 (/opt/ros/jazzy/share/rosidl_generator_c/cmake)
[1.783s] -- Found rosidl_generator_cpp: 4.6.5 (/opt/ros/jazzy/share/rosidl_generator_cpp/cmake)
[1.841s] -- Using all available rosidl_typesupport_c: rosidl_typesupport_fastrtps_c;rosidl_typesupport_introspection_c
[1.905s] -- Using all available rosidl_typesupport_cpp: rosidl_typesupport_fastrtps_cpp;rosidl_typesupport_introspection_cpp
[2.580s] -- Found TinyXML2 via Config file: /usr/lib/x86_64-linux-gnu/cmake/tinyxml2
[2.740s] -- Found rmw_implementation_cmake: 7.3.2 (/opt/ros/jazzy/share/rmw_implementation_cmake/cmake)
[2.754s] -- Found rmw_fastrtps_cpp: 8.4.2 (/opt/ros/jazzy/share/rmw_fastrtps_cpp/cmake)
[2.839s] -- Found TinyXML2 via Config file: /usr/lib/x86_64-linux-gnu/cmake/tinyxml2
[2.995s] -- Found OpenSSL: /usr/lib/x86_64-linux-gnu/libcrypto.so (found version "3.0.13")  
[3.002s] -- Found TinyXML2 via Config file: /usr/lib/x86_64-linux-gnu/cmake/tinyxml2
[3.047s] -- Found FastRTPS: /opt/ros/jazzy/include (Required is at least version "2.13") 
[3.055s] -- Found TinyXML2 via Config file: /usr/lib/x86_64-linux-gnu/cmake/tinyxml2
[3.078s] -- Found TinyXML2 via Config file: /usr/lib/x86_64-linux-gnu/cmake/tinyxml2
[3.106s] -- Using RMW implementation 'rmw_fastrtps_cpp' as default
[3.777s] -- Found generate_parameter_library: 0.5.0 (/opt/ros/jazzy/share/generate_parameter_library/cmake)
[3.782s] -- Found parameter_traits: 0.5.0 (/opt/ros/jazzy/share/parameter_traits/cmake)
[3.829s] -- Found nav_msgs: 5.3.6 (/opt/ros/jazzy/share/nav_msgs/cmake)
[3.877s] -- Found tf2: 0.36.12 (/opt/ros/jazzy/share/tf2/cmake)
[3.889s] -- Found tf2_msgs: 0.36.12 (/opt/ros/jazzy/share/tf2_msgs/cmake)
[3.940s] -- Found ament_cmake_gmock: 2.5.4 (/opt/ros/jazzy/share/ament_cmake_gmock/cmake)
[3.947s] -- Found controller_manager: 4.35.0 (/opt/ros/jazzy/share/controller_manager/cmake)
[4.080s] -- Found ros2_control_test_assets: 4.35.0 (/opt/ros/jazzy/share/ros2_control_test_assets/cmake)
[4.087s] -- Found gmock sources under '/opt/ros/jazzy/src/gmock_vendor': C++ tests using 'Google Mock' will be built
[4.102s] -- Found ament_cmake_gtest: 2.5.4 (/opt/ros/jazzy/share/ament_cmake_gtest/cmake)
[4.103s] -- Found gtest sources under '/opt/ros/jazzy/src/gtest_vendor': C++ tests using 'Google Test' will be built
[4.112s] -- Found ament_lint_auto: 0.17.2 (/opt/ros/jazzy/share/ament_lint_auto/cmake)
[4.328s] -- Configuring done (4.3s)
[4.480s] -- Generating done (0.1s)
[4.510s] -- Build files have been written to: /home/khemin/khemin_omni/build/omni_wheel_drive_controller
[4.539s] Invoked command in '/home/khemin/khemin_omni/build/omni_wheel_drive_controller' returned '0': CMAKE_PREFIX_PATH=${CMAKE_PREFIX_PATH}:/opt/ros/jazzy DEBUGINFOD_URLS=https://debuginfod.ubuntu.com /usr/bin/cmake /home/khemin/khemin_omni/omni_wheel_drive_controller -DCMAKE_INSTALL_PREFIX=/home/khemin/khemin_omni/install/omni_wheel_drive_controller
[4.541s] Invoking command in '/home/khemin/khemin_omni/build/omni_wheel_drive_controller': CMAKE_PREFIX_PATH=${CMAKE_PREFIX_PATH}:/opt/ros/jazzy DEBUGINFOD_URLS=https://debuginfod.ubuntu.com /usr/bin/cmake --build /home/khemin/khemin_omni/build/omni_wheel_drive_controller -- -j16 -l16
[4.668s] [  7%] [32mBuilding CXX object gmock/CMakeFiles/gmock.dir/opt/ros/jazzy/src/gtest_vendor/src/gtest-all.cc.o[0m
[4.676s] [ 14%] [32mBuilding CXX object gmock/CMakeFiles/gmock.dir/src/gmock-all.cc.o[0m
[4.677s] [ 21%] [32mBuilding CXX object gmock/CMakeFiles/gmock_main.dir/src/gmock_main.cc.o[0m
[4.679s] [ 28%] [34m[1mRunning `/opt/ros/jazzy/bin/generate_parameter_library_cpp /home/khemin/khemin_omni/build/omni_wheel_drive_controller/include/omni_wheel_drive_controller/omni_wheel_drive_controller_parameters.hpp /home/khemin/khemin_omni/omni_wheel_drive_controller/src/omni_wheel_drive_controller_parameters.yaml `[0m
[6.447s] [ 35%] [34m[1mCreating deprecated header file /home/khemin/khemin_omni/build/omni_wheel_drive_controller/include/omni_wheel_drive_controller_parameters.hpp[0m
[6.494s] [ 35%] Built target omni_wheel_drive_controller_parameters
[6.545s] [ 42%] [32mBuilding CXX object CMakeFiles/omni_wheel_drive_controller.dir/src/omni_wheel_drive_controller.cpp.o[0m
[6.546s] [ 50%] [32mBuilding CXX object CMakeFiles/omni_wheel_drive_controller.dir/src/odometry.cpp.o[0m
[6.987s] [ 57%] [32m[1mLinking CXX static library libgmock_main.a[0m
[7.060s] [ 57%] Built target gmock_main
[10.448s] [ 64%] [32m[1mLinking CXX static library libgmock.a[0m
[10.520s] [ 64%] Built target gmock
[10.545s] [ 71%] [32mBuilding CXX object CMakeFiles/test_load_omni_wheel_drive_controller.dir/test/test_load_omni_wheel_drive_controller.cpp.o[0m
[15.538s] [ 78%] [32m[1mLinking CXX executable test_load_omni_wheel_drive_controller[0m
[15.780s] [ 78%] Built target test_load_omni_wheel_drive_controller
[21.595s] [ 85%] [32m[1mLinking CXX shared library libomni_wheel_drive_controller.so[0m
[22.426s] [ 85%] Built target omni_wheel_drive_controller
[22.451s] [ 92%] [32mBuilding CXX object CMakeFiles/test_omni_wheel_drive_controller.dir/test/test_omni_wheel_drive_controller.cpp.o[0m
[28.198s] [100%] [32m[1mLinking CXX executable test_omni_wheel_drive_controller[0m
[28.919s] [100%] Built target test_omni_wheel_drive_controller
[28.933s] Invoked command in '/home/khemin/khemin_omni/build/omni_wheel_drive_controller' returned '0': CMAKE_PREFIX_PATH=${CMAKE_PREFIX_PATH}:/opt/ros/jazzy DEBUGINFOD_URLS=https://debuginfod.ubuntu.com /usr/bin/cmake --build /home/khemin/khemin_omni/build/omni_wheel_drive_controller -- -j16 -l16
[28.934s] Invoking command in '/home/khemin/khemin_omni/build/omni_wheel_drive_controller': CMAKE_PREFIX_PATH=${CMAKE_PREFIX_PATH}:/opt/ros/jazzy DEBUGINFOD_URLS=https://debuginfod.ubuntu.com /usr/bin/cmake --install /home/khemin/khemin_omni/build/omni_wheel_drive_controller
[28.943s] -- Install configuration: ""
[28.943s] -- Installing: /home/khemin/khemin_omni/install/omni_wheel_drive_controller/include/omni_wheel_drive_controller
[28.943s] -- Installing: /home/khemin/khemin_omni/install/omni_wheel_drive_controller/include/omni_wheel_drive_controller/omni_wheel_drive_controller_parameters.hpp
[28.943s] -- Installing: /home/khemin/khemin_omni/install/omni_wheel_drive_controller/share/omni_wheel_drive_controller/omni_wheel_drive_plugin.xml
[28.943s] -- Up-to-date: /home/khemin/khemin_omni/install/omni_wheel_drive_controller/include/omni_wheel_drive_controller/
[28.943s] -- Installing: /home/khemin/khemin_omni/install/omni_wheel_drive_controller/include/omni_wheel_drive_controller//omni_wheel_drive_controller
[28.943s] -- Installing: /home/khemin/khemin_omni/install/omni_wheel_drive_controller/include/omni_wheel_drive_controller//omni_wheel_drive_controller/omni_wheel_drive_controller.hpp
[28.944s] -- Installing: /home/khemin/khemin_omni/install/omni_wheel_drive_controller/include/omni_wheel_drive_controller//omni_wheel_drive_controller/odometry.hpp
[28.944s] -- Installing: /home/khemin/khemin_omni/install/omni_wheel_drive_controller/lib/libomni_wheel_drive_controller.so
[28.957s] -- Set non-toolchain portion of runtime path of "/home/khemin/khemin_omni/install/omni_wheel_drive_controller/lib/libomni_wheel_drive_controller.so" to ""
[28.957s] -- Installing: /home/khemin/khemin_omni/install/omni_wheel_drive_controller/share/omni_wheel_drive_controller/environment/library_path.sh
[28.958s] -- Installing: /home/khemin/khemin_omni/install/omni_wheel_drive_controller/share/omni_wheel_drive_controller/environment/library_path.dsv
[28.958s] -- Installing: /home/khemin/khemin_omni/install/omni_wheel_drive_controller/share/ament_index/resource_index/package_run_dependencies/omni_wheel_drive_controller
[28.958s] -- Installing: /home/khemin/khemin_omni/install/omni_wheel_drive_controller/share/ament_index/resource_index/parent_prefix_path/omni_wheel_drive_controller
[28.958s] -- Installing: /home/khemin/khemin_omni/install/omni_wheel_drive_controller/share/omni_wheel_drive_controller/environment/ament_prefix_path.sh
[28.958s] -- Installing: /home/khemin/khemin_omni/install/omni_wheel_drive_controller/share/omni_wheel_drive_controller/environment/ament_prefix_path.dsv
[28.958s] -- Installing: /home/khemin/khemin_omni/install/omni_wheel_drive_controller/share/omni_wheel_drive_controller/environment/path.sh
[28.958s] -- Installing: /home/khemin/khemin_omni/install/omni_wheel_drive_controller/share/omni_wheel_drive_controller/environment/path.dsv
[28.958s] -- Installing: /home/khemin/khemin_omni/install/omni_wheel_drive_controller/share/omni_wheel_drive_controller/local_setup.bash
[28.958s] -- Installing: /home/khemin/khemin_omni/install/omni_wheel_drive_controller/share/omni_wheel_drive_controller/local_setup.sh
[28.958s] -- Installing: /home/khemin/khemin_omni/install/omni_wheel_drive_controller/share/omni_wheel_drive_controller/local_setup.zsh
[28.959s] -- Installing: /home/khemin/khemin_omni/install/omni_wheel_drive_controller/share/omni_wheel_drive_controller/local_setup.dsv
[28.959s] -- Installing: /home/khemin/khemin_omni/install/omni_wheel_drive_controller/share/omni_wheel_drive_controller/package.dsv
[28.959s] -- Installing: /home/khemin/khemin_omni/install/omni_wheel_drive_controller/share/ament_index/resource_index/packages/omni_wheel_drive_controller
[28.959s] -- Installing: /home/khemin/khemin_omni/install/omni_wheel_drive_controller/share/ament_index/resource_index/controller_interface__pluginlib__plugin/omni_wheel_drive_controller
[28.959s] -- Installing: /home/khemin/khemin_omni/install/omni_wheel_drive_controller/share/omni_wheel_drive_controller/cmake/export_omni_wheel_drive_controllerExport.cmake
[28.959s] -- Installing: /home/khemin/khemin_omni/install/omni_wheel_drive_controller/share/omni_wheel_drive_controller/cmake/export_omni_wheel_drive_controllerExport-noconfig.cmake
[28.959s] -- Installing: /home/khemin/khemin_omni/install/omni_wheel_drive_controller/share/omni_wheel_drive_controller/cmake/ament_cmake_export_dependencies-extras.cmake
[28.960s] -- Installing: /home/khemin/khemin_omni/install/omni_wheel_drive_controller/share/omni_wheel_drive_controller/cmake/ament_cmake_export_targets-extras.cmake
[28.960s] -- Installing: /home/khemin/khemin_omni/install/omni_wheel_drive_controller/share/omni_wheel_drive_controller/cmake/omni_wheel_drive_controllerConfig.cmake
[28.960s] -- Installing: /home/khemin/khemin_omni/install/omni_wheel_drive_controller/share/omni_wheel_drive_controller/cmake/omni_wheel_drive_controllerConfig-version.cmake
[28.960s] -- Installing: /home/khemin/khemin_omni/install/omni_wheel_drive_controller/share/omni_wheel_drive_controller/package.xml
[28.962s] Invoked command in '/home/khemin/khemin_omni/build/omni_wheel_drive_controller' returned '0': CMAKE_PREFIX_PATH=${CMAKE_PREFIX_PATH}:/opt/ros/jazzy DEBUGINFOD_URLS=https://debuginfod.ubuntu.com /usr/bin/cmake --install /home/khemin/khemin_omni/build/omni_wheel_drive_controller
