[0.029s] Invoking command in '/home/khemin/khemin_omni/build/khemin_omni': CMAKE_PREFIX_PATH=${CMAKE_PREFIX_PATH}:/opt/ros/jazzy DEBUGINFOD_URLS=https://debuginfod.ubuntu.com /usr/bin/cmake /home/khemin/khemin_omni/khemin_omni -DCMAKE_INSTALL_PREFIX=/home/khemin/khemin_omni/install/khemin_omni
[0.149s] -- The C compiler identification is GNU 13.3.0
[0.279s] -- The CXX compiler identification is GNU 13.3.0
[0.314s] -- Detecting C compiler ABI info
[0.480s] -- Detecting C compiler ABI info - done
[0.496s] -- Check for working C compiler: /usr/bin/cc - skipped
[0.497s] -- Detecting C compile features
[0.498s] -- Detecting C compile features - done
[0.518s] -- Detecting CXX compiler ABI info
[0.745s] -- Detecting CXX compiler ABI info - done
[0.768s] -- Check for working CXX compiler: /usr/bin/c++ - skipped
[0.769s] -- Detecting CXX compile features
[0.770s] -- Detecting CXX compile features - done
[0.783s] -- Found ament_cmake: 2.5.4 (/opt/ros/jazzy/share/ament_cmake/cmake)
[1.165s] -- Found Python3: /usr/bin/python3 (found version "3.12.3") found components: Interpreter 
[1.491s] -- Found rclcpp: 28.1.10 (/opt/ros/jazzy/share/rclcpp/cmake)
[1.652s] -- Found rosidl_generator_c: 4.6.5 (/opt/ros/jazzy/share/rosidl_generator_c/cmake)
[1.704s] -- Found rosidl_generator_cpp: 4.6.5 (/opt/ros/jazzy/share/rosidl_generator_cpp/cmake)
[1.761s] -- Using all available rosidl_typesupport_c: rosidl_typesupport_fastrtps_c;rosidl_typesupport_introspection_c
[1.824s] -- Using all available rosidl_typesupport_cpp: rosidl_typesupport_fastrtps_cpp;rosidl_typesupport_introspection_cpp
[2.080s] -- Found rmw_implementation_cmake: 7.3.2 (/opt/ros/jazzy/share/rmw_implementation_cmake/cmake)
[2.093s] -- Found rmw_fastrtps_cpp: 8.4.2 (/opt/ros/jazzy/share/rmw_fastrtps_cpp/cmake)
[2.332s] -- Found OpenSSL: /usr/lib/x86_64-linux-gnu/libcrypto.so (found version "3.0.13")  
[2.385s] -- Found FastRTPS: /opt/ros/jazzy/include (Required is at least version "2.13") 
[2.445s] -- Using RMW implementation 'rmw_fastrtps_cpp' as default
[2.680s] -- Found std_msgs: 5.3.6 (/opt/ros/jazzy/share/std_msgs/cmake)
[2.725s] -- Found geometry_msgs: 5.3.6 (/opt/ros/jazzy/share/geometry_msgs/cmake)
[2.774s] -- Found nav_msgs: 5.3.6 (/opt/ros/jazzy/share/nav_msgs/cmake)
[2.854s] -- Found sensor_msgs: 5.3.6 (/opt/ros/jazzy/share/sensor_msgs/cmake)
[2.929s] -- Found tf2: 0.36.12 (/opt/ros/jazzy/share/tf2/cmake)
[2.948s] -- Found tf2_ros: 0.36.12 (/opt/ros/jazzy/share/tf2_ros/cmake)
[3.353s] -- Found tf2_geometry_msgs: 0.36.12 (/opt/ros/jazzy/share/tf2_geometry_msgs/cmake)
[3.419s] -- Found eigen3_cmake_module: 0.3.0 (/opt/ros/jazzy/share/eigen3_cmake_module/cmake)
[3.422s] -- Found Eigen3: TRUE (found version "3.4.0") 
[3.422s] -- Ensuring Eigen3 include directory is part of orocos-kdl CMake target
[3.437s] -- Found ament_lint_auto: 0.17.2 (/opt/ros/jazzy/share/ament_lint_auto/cmake)
[3.727s] -- Added test 'flake8' to check Python code syntax and style conventions
[3.727s] -- Configured 'flake8' exclude dirs and/or files: 
[3.730s] -- Added test 'lint_cmake' to check CMake code style
[3.732s] -- Added test 'pep257' to check Python code against some of the docstring style conventions in PEP 257
[3.740s] -- Added test 'xmllint' to check XML markup files
[3.745s] -- Configuring done (3.7s)
[3.759s] -- Generating done (0.0s)
[3.765s] -- Build files have been written to: /home/khemin/khemin_omni/build/khemin_omni
[3.786s] Invoked command in '/home/khemin/khemin_omni/build/khemin_omni' returned '0': CMAKE_PREFIX_PATH=${CMAKE_PREFIX_PATH}:/opt/ros/jazzy DEBUGINFOD_URLS=https://debuginfod.ubuntu.com /usr/bin/cmake /home/khemin/khemin_omni/khemin_omni -DCMAKE_INSTALL_PREFIX=/home/khemin/khemin_omni/install/khemin_omni
[3.789s] Invoking command in '/home/khemin/khemin_omni/build/khemin_omni': CMAKE_PREFIX_PATH=${CMAKE_PREFIX_PATH}:/opt/ros/jazzy DEBUGINFOD_URLS=https://debuginfod.ubuntu.com /usr/bin/cmake --build /home/khemin/khemin_omni/build/khemin_omni -- -j16 -l16
[3.902s] Invoked command in '/home/khemin/khemin_omni/build/khemin_omni' returned '0': CMAKE_PREFIX_PATH=${CMAKE_PREFIX_PATH}:/opt/ros/jazzy DEBUGINFOD_URLS=https://debuginfod.ubuntu.com /usr/bin/cmake --build /home/khemin/khemin_omni/build/khemin_omni -- -j16 -l16
[3.929s] Invoking command in '/home/khemin/khemin_omni/build/khemin_omni': CMAKE_PREFIX_PATH=${CMAKE_PREFIX_PATH}:/opt/ros/jazzy DEBUGINFOD_URLS=https://debuginfod.ubuntu.com /usr/bin/cmake --install /home/khemin/khemin_omni/build/khemin_omni
[3.949s] -- Install configuration: ""
[3.949s] -- Installing: /home/khemin/khemin_omni/install/khemin_omni/share/khemin_omni/urdf
[3.950s] -- Installing: /home/khemin/khemin_omni/install/khemin_omni/share/khemin_omni/urdf/main.urdf.xacro
[3.950s] -- Installing: /home/khemin/khemin_omni/install/khemin_omni/share/khemin_omni/urdf/lidar.urdf.xacro
[3.950s] -- Installing: /home/khemin/khemin_omni/install/khemin_omni/share/khemin_omni/urdf/ros2_control.urdf.xacro
[3.951s] -- Installing: /home/khemin/khemin_omni/install/khemin_omni/share/khemin_omni/urdf/imu.urdf.xacro
[3.951s] -- Installing: /home/khemin/khemin_omni/install/khemin_omni/share/khemin_omni/urdf/roller.urdf.xacro
[3.951s] -- Installing: /home/khemin/khemin_omni/install/khemin_omni/share/khemin_omni/urdf/omni.urdf.xacro
[3.951s] -- Installing: /home/khemin/khemin_omni/install/khemin_omni/share/khemin_omni/urdf/base_link.urdf.xacro
[3.952s] -- Installing: /home/khemin/khemin_omni/install/khemin_omni/share/khemin_omni/urdf/gazebo_plugins.urdf.xacro
[3.952s] -- Installing: /home/khemin/khemin_omni/install/khemin_omni/share/khemin_omni/mesh
[3.952s] -- Installing: /home/khemin/khemin_omni/install/khemin_omni/share/khemin_omni/mesh/BB.stl
[3.970s] -- Installing: /home/khemin/khemin_omni/install/khemin_omni/share/khemin_omni/mesh/omni.stl
[3.987s] -- Installing: /home/khemin/khemin_omni/install/khemin_omni/share/khemin_omni/mesh/BBB.stl
[4.006s] -- Installing: /home/khemin/khemin_omni/install/khemin_omni/share/khemin_omni/launch
[4.006s] -- Installing: /home/khemin/khemin_omni/install/khemin_omni/share/khemin_omni/launch/navigation.launch.py
[4.006s] -- Installing: /home/khemin/khemin_omni/install/khemin_omni/share/khemin_omni/launch/slam.launch.py
[4.006s] -- Installing: /home/khemin/khemin_omni/install/khemin_omni/share/khemin_omni/launch/display.launch.py
[4.007s] -- Installing: /home/khemin/khemin_omni/install/khemin_omni/share/khemin_omni/launch/nav2.launch.py
[4.007s] -- Installing: /home/khemin/khemin_omni/install/khemin_omni/share/khemin_omni/launch/gazebo.launch.py
[4.008s] -- Installing: /home/khemin/khemin_omni/install/khemin_omni/share/khemin_omni/rviz
[4.008s] -- Installing: /home/khemin/khemin_omni/install/khemin_omni/share/khemin_omni/rviz/rviz_config.rviz
[4.008s] -- Installing: /home/khemin/khemin_omni/install/khemin_omni/share/khemin_omni/rviz/navigation.rviz
[4.008s] -- Installing: /home/khemin/khemin_omni/install/khemin_omni/share/khemin_omni/rviz/slam.rviz
[4.009s] -- Installing: /home/khemin/khemin_omni/install/khemin_omni/share/khemin_omni/config
[4.009s] -- Installing: /home/khemin/khemin_omni/install/khemin_omni/share/khemin_omni/config/ekf.yaml
[4.009s] -- Installing: /home/khemin/khemin_omni/install/khemin_omni/share/khemin_omni/config/gz_bridge
[4.009s] -- Installing: /home/khemin/khemin_omni/install/khemin_omni/share/khemin_omni/config/gz_bridge/gz_bridge.yaml
[4.010s] -- Installing: /home/khemin/khemin_omni/install/khemin_omni/share/khemin_omni/config/sim_controller.yaml
[4.010s] -- Installing: /home/khemin/khemin_omni/install/khemin_omni/share/khemin_omni/config/nav2_params.yaml
[4.011s] -- Installing: /home/khemin/khemin_omni/install/khemin_omni/share/khemin_omni/config/twist_mux
[4.011s] -- Installing: /home/khemin/khemin_omni/install/khemin_omni/share/khemin_omni/config/twist_mux/twist_mux.yaml
[4.011s] -- Installing: /home/khemin/khemin_omni/install/khemin_omni/share/khemin_omni/map
[4.011s] -- Installing: /home/khemin/khemin_omni/install/khemin_omni/share/khemin_omni/map/maze1.pgm
[4.012s] -- Installing: /home/khemin/khemin_omni/install/khemin_omni/share/khemin_omni/map/maze1.yaml
[4.012s] -- Installing: /home/khemin/khemin_omni/install/khemin_omni/share/khemin_omni/map/maze2.yaml
[4.012s] -- Installing: /home/khemin/khemin_omni/install/khemin_omni/share/khemin_omni/map/map1.yaml
[4.013s] -- Installing: /home/khemin/khemin_omni/install/khemin_omni/share/khemin_omni/map/maze2.pgm
[4.013s] -- Installing: /home/khemin/khemin_omni/install/khemin_omni/share/khemin_omni/map/map1.pgm
[4.013s] -- Installing: /home/khemin/khemin_omni/install/khemin_omni/share/khemin_omni/worlds
[4.014s] -- Installing: /home/khemin/khemin_omni/install/khemin_omni/share/khemin_omni/worlds/maze2.sdf
[4.014s] -- Installing: /home/khemin/khemin_omni/install/khemin_omni/share/khemin_omni/worlds/maze1.sdf
[4.015s] -- Installing: /home/khemin/khemin_omni/install/khemin_omni/share/ament_index/resource_index/package_run_dependencies/khemin_omni
[4.015s] -- Installing: /home/khemin/khemin_omni/install/khemin_omni/share/ament_index/resource_index/parent_prefix_path/khemin_omni
[4.016s] -- Installing: /home/khemin/khemin_omni/install/khemin_omni/share/khemin_omni/environment/ament_prefix_path.sh
[4.016s] -- Installing: /home/khemin/khemin_omni/install/khemin_omni/share/khemin_omni/environment/ament_prefix_path.dsv
[4.016s] -- Installing: /home/khemin/khemin_omni/install/khemin_omni/share/khemin_omni/environment/path.sh
[4.017s] -- Installing: /home/khemin/khemin_omni/install/khemin_omni/share/khemin_omni/environment/path.dsv
[4.017s] -- Installing: /home/khemin/khemin_omni/install/khemin_omni/share/khemin_omni/local_setup.bash
[4.017s] -- Installing: /home/khemin/khemin_omni/install/khemin_omni/share/khemin_omni/local_setup.sh
[4.018s] -- Installing: /home/khemin/khemin_omni/install/khemin_omni/share/khemin_omni/local_setup.zsh
[4.018s] -- Installing: /home/khemin/khemin_omni/install/khemin_omni/share/khemin_omni/local_setup.dsv
[4.018s] -- Installing: /home/khemin/khemin_omni/install/khemin_omni/share/khemin_omni/package.dsv
[4.019s] -- Installing: /home/khemin/khemin_omni/install/khemin_omni/share/ament_index/resource_index/packages/khemin_omni
[4.019s] -- Installing: /home/khemin/khemin_omni/install/khemin_omni/share/khemin_omni/cmake/khemin_omniConfig.cmake
[4.020s] -- Installing: /home/khemin/khemin_omni/install/khemin_omni/share/khemin_omni/cmake/khemin_omniConfig-version.cmake
[4.020s] -- Installing: /home/khemin/khemin_omni/install/khemin_omni/share/khemin_omni/package.xml
[4.025s] Invoked command in '/home/khemin/khemin_omni/build/khemin_omni' returned '0': CMAKE_PREFIX_PATH=${CMAKE_PREFIX_PATH}:/opt/ros/jazzy DEBUGINFOD_URLS=https://debuginfod.ubuntu.com /usr/bin/cmake --install /home/khemin/khemin_omni/build/khemin_omni
