-- Found ament_cmake: 2.5.4 (/opt/ros/jazzy/share/ament_cmake/cmake)
-- Override CMake install command with custom implementation using symlinks instead of copying resources
-- Found rclcpp: 28.1.10 (/opt/ros/jazzy/share/rclcpp/cmake)
-- Found rosidl_generator_c: 4.6.5 (/opt/ros/jazzy/share/rosidl_generator_c/cmake)
-- Found rosidl_generator_cpp: 4.6.5 (/opt/ros/jazzy/share/rosidl_generator_cpp/cmake)
-- Using all available rosidl_typesupport_c: rosidl_typesupport_fastrtps_c;rosidl_typesupport_introspection_c
-- Using all available rosidl_typesupport_cpp: rosidl_typesupport_fastrtps_cpp;rosidl_typesupport_introspection_cpp
-- Found rmw_implementation_cmake: 7.3.2 (/opt/ros/jazzy/share/rmw_implementation_cmake/cmake)
-- Found rmw_fastrtps_cpp: 8.4.2 (/opt/ros/jazzy/share/rmw_fastrtps_cpp/cmake)
-- Using RMW implementation 'rmw_fastrtps_cpp' as default
-- Found std_msgs: 5.3.6 (/opt/ros/jazzy/share/std_msgs/cmake)
-- Found geometry_msgs: 5.3.6 (/opt/ros/jazzy/share/geometry_msgs/cmake)
-- Found nav_msgs: 5.3.6 (/opt/ros/jazzy/share/nav_msgs/cmake)
-- Found sensor_msgs: 5.3.6 (/opt/ros/jazzy/share/sensor_msgs/cmake)
-- Found tf2: 0.36.12 (/opt/ros/jazzy/share/tf2/cmake)
-- Found tf2_ros: 0.36.12 (/opt/ros/jazzy/share/tf2_ros/cmake)
-- Found tf2_geometry_msgs: 0.36.12 (/opt/ros/jazzy/share/tf2_geometry_msgs/cmake)
-- Found eigen3_cmake_module: 0.3.0 (/opt/ros/jazzy/share/eigen3_cmake_module/cmake)
-- Ensuring Eigen3 include directory is part of orocos-kdl CMake target
-- Found ament_lint_auto: 0.17.2 (/opt/ros/jazzy/share/ament_lint_auto/cmake)
-- Added test 'flake8' to check Python code syntax and style conventions
-- Configured 'flake8' exclude dirs and/or files: 
-- Added test 'lint_cmake' to check CMake code style
-- Added test 'pep257' to check Python code against some of the docstring style conventions in PEP 257
-- Added test 'xmllint' to check XML markup files
-- Configuring done (1.9s)
-- Generating done (0.0s)
-- Build files have been written to: /home/khemin/khemin_omni/build/khemin_omni
-- Install configuration: ""
-- Execute custom install script
-- Symlinking: /home/khemin/khemin_omni/install/khemin_omni/share/khemin_omni/urdf/base_link.urdf.xacro
-- Symlinking: /home/khemin/khemin_omni/install/khemin_omni/share/khemin_omni/urdf/gazebo_plugins.urdf.xacro
-- Symlinking: /home/khemin/khemin_omni/install/khemin_omni/share/khemin_omni/urdf/imu.urdf.xacro
-- Symlinking: /home/khemin/khemin_omni/install/khemin_omni/share/khemin_omni/urdf/lidar.urdf.xacro
-- Symlinking: /home/khemin/khemin_omni/install/khemin_omni/share/khemin_omni/urdf/main.urdf.xacro
-- Symlinking: /home/khemin/khemin_omni/install/khemin_omni/share/khemin_omni/urdf/omni.urdf.xacro
-- Symlinking: /home/khemin/khemin_omni/install/khemin_omni/share/khemin_omni/urdf/roller.urdf.xacro
-- Symlinking: /home/khemin/khemin_omni/install/khemin_omni/share/khemin_omni/urdf/ros2_control.urdf.xacro
-- Symlinking: /home/khemin/khemin_omni/install/khemin_omni/share/khemin_omni/mesh/BB.stl
-- Symlinking: /home/khemin/khemin_omni/install/khemin_omni/share/khemin_omni/mesh/BBB.stl
-- Symlinking: /home/khemin/khemin_omni/install/khemin_omni/share/khemin_omni/mesh/omni.stl
-- Symlinking: /home/khemin/khemin_omni/install/khemin_omni/share/khemin_omni/launch/display.launch.py
-- Symlinking: /home/khemin/khemin_omni/install/khemin_omni/share/khemin_omni/launch/gazebo.launch.py
-- Symlinking: /home/khemin/khemin_omni/install/khemin_omni/share/khemin_omni/launch/nav2.launch.py
-- Symlinking: /home/khemin/khemin_omni/install/khemin_omni/share/khemin_omni/launch/navigation.launch.py
-- Symlinking: /home/khemin/khemin_omni/install/khemin_omni/share/khemin_omni/launch/slam.launch.py
-- Symlinking: /home/khemin/khemin_omni/install/khemin_omni/share/khemin_omni/rviz/navigation.rviz
-- Symlinking: /home/khemin/khemin_omni/install/khemin_omni/share/khemin_omni/rviz/rviz_config.rviz
-- Symlinking: /home/khemin/khemin_omni/install/khemin_omni/share/khemin_omni/rviz/slam.rviz
-- Symlinking: /home/khemin/khemin_omni/install/khemin_omni/share/khemin_omni/config/ekf.yaml
-- Symlinking: /home/khemin/khemin_omni/install/khemin_omni/share/khemin_omni/config/gz_bridge/gz_bridge.yaml
-- Symlinking: /home/khemin/khemin_omni/install/khemin_omni/share/khemin_omni/config/nav2_params.yaml
-- Symlinking: /home/khemin/khemin_omni/install/khemin_omni/share/khemin_omni/config/sim_controller.yaml
-- Symlinking: /home/khemin/khemin_omni/install/khemin_omni/share/khemin_omni/config/twist_mux/twist_mux.yaml
-- Symlinking: /home/khemin/khemin_omni/install/khemin_omni/share/khemin_omni/map/map1.pgm
-- Symlinking: /home/khemin/khemin_omni/install/khemin_omni/share/khemin_omni/map/map1.yaml
-- Symlinking: /home/khemin/khemin_omni/install/khemin_omni/share/khemin_omni/map/maze1.pgm
-- Symlinking: /home/khemin/khemin_omni/install/khemin_omni/share/khemin_omni/map/maze1.yaml
-- Symlinking: /home/khemin/khemin_omni/install/khemin_omni/share/khemin_omni/map/maze2.pgm
-- Symlinking: /home/khemin/khemin_omni/install/khemin_omni/share/khemin_omni/map/maze2.yaml
-- Symlinking: /home/khemin/khemin_omni/install/khemin_omni/share/khemin_omni/worlds/maze1.sdf
-- Symlinking: /home/khemin/khemin_omni/install/khemin_omni/share/khemin_omni/worlds/maze2.sdf
-- Symlinking: /home/khemin/khemin_omni/install/khemin_omni/share/ament_index/resource_index/package_run_dependencies/khemin_omni
-- Symlinking: /home/khemin/khemin_omni/install/khemin_omni/share/ament_index/resource_index/parent_prefix_path/khemin_omni
-- Symlinking: /home/khemin/khemin_omni/install/khemin_omni/share/khemin_omni/environment/ament_prefix_path.sh
-- Symlinking: /home/khemin/khemin_omni/install/khemin_omni/share/khemin_omni/environment/ament_prefix_path.dsv
-- Symlinking: /home/khemin/khemin_omni/install/khemin_omni/share/khemin_omni/environment/path.sh
-- Symlinking: /home/khemin/khemin_omni/install/khemin_omni/share/khemin_omni/environment/path.dsv
-- Symlinking: /home/khemin/khemin_omni/install/khemin_omni/share/khemin_omni/local_setup.bash
-- Symlinking: /home/khemin/khemin_omni/install/khemin_omni/share/khemin_omni/local_setup.sh
-- Symlinking: /home/khemin/khemin_omni/install/khemin_omni/share/khemin_omni/local_setup.zsh
-- Symlinking: /home/khemin/khemin_omni/install/khemin_omni/share/khemin_omni/local_setup.dsv
-- Symlinking: /home/khemin/khemin_omni/install/khemin_omni/share/khemin_omni/package.dsv
-- Symlinking: /home/khemin/khemin_omni/install/khemin_omni/share/ament_index/resource_index/packages/khemin_omni
-- Symlinking: /home/khemin/khemin_omni/install/khemin_omni/share/khemin_omni/cmake/khemin_omniConfig.cmake
-- Symlinking: /home/khemin/khemin_omni/install/khemin_omni/share/khemin_omni/cmake/khemin_omniConfig-version.cmake
-- Symlinking: /home/khemin/khemin_omni/install/khemin_omni/share/khemin_omni/package.xml
