[0.030s] Invoking command in '/home/khemin/khemin_omni/build/omni_wheel_drive_controller': CMAKE_PREFIX_PATH=${CMAKE_PREFIX_PATH}:/opt/ros/jazzy DEBUGINFOD_URLS=https://debuginfod.ubuntu.com /usr/bin/cmake --build /home/khemin/khemin_omni/build/omni_wheel_drive_controller -- -j16 -l16
[0.218s] [ 14%] Built target omni_wheel_drive_controller_parameters
[0.237s] [ 50%] Built target gmock_main
[0.237s] [ 50%] Built target gmock
[0.341s] [ 64%] Built target test_load_omni_wheel_drive_controller
[0.343s] [ 85%] Built target omni_wheel_drive_controller
[0.433s] [100%] Built target test_omni_wheel_drive_controller
[0.466s] Invoked command in '/home/khemin/khemin_omni/build/omni_wheel_drive_controller' returned '0': CMAKE_PREFIX_PATH=${CMAKE_PREFIX_PATH}:/opt/ros/jazzy DEBUGINFOD_URLS=https://debuginfod.ubuntu.com /usr/bin/cmake --build /home/khemin/khemin_omni/build/omni_wheel_drive_controller -- -j16 -l16
[0.469s] Invoking command in '/home/khemin/khemin_omni/build/omni_wheel_drive_controller': CMAKE_PREFIX_PATH=${CMAKE_PREFIX_PATH}:/opt/ros/jazzy DEBUGINFOD_URLS=https://debuginfod.ubuntu.com /usr/bin/cmake --install /home/khemin/khemin_omni/build/omni_wheel_drive_controller
[0.491s] -- Install configuration: ""
[0.493s] -- Execute custom install script
[0.495s] -- Up-to-date symlink: /home/khemin/khemin_omni/install/omni_wheel_drive_controller/include/omni_wheel_drive_controller/omni_wheel_drive_controller_parameters.hpp
[0.496s] -- Up-to-date symlink: /home/khemin/khemin_omni/install/omni_wheel_drive_controller/share/omni_wheel_drive_controller//omni_wheel_drive_plugin.xml
[0.497s] -- Up-to-date symlink: /home/khemin/khemin_omni/install/omni_wheel_drive_controller/include/omni_wheel_drive_controller//omni_wheel_drive_controller/odometry.hpp
[0.497s] -- Up-to-date symlink: /home/khemin/khemin_omni/install/omni_wheel_drive_controller/include/omni_wheel_drive_controller//omni_wheel_drive_controller/omni_wheel_drive_controller.hpp
[0.498s] -- Up-to-date symlink: /home/khemin/khemin_omni/install/omni_wheel_drive_controller/share/omni_wheel_drive_controller/environment/library_path.sh
[0.498s] -- Up-to-date symlink: /home/khemin/khemin_omni/install/omni_wheel_drive_controller/share/omni_wheel_drive_controller/environment/library_path.dsv
[0.500s] -- Up-to-date symlink: /home/khemin/khemin_omni/install/omni_wheel_drive_controller/share/ament_index/resource_index/package_run_dependencies/omni_wheel_drive_controller
[0.501s] -- Up-to-date symlink: /home/khemin/khemin_omni/install/omni_wheel_drive_controller/share/ament_index/resource_index/parent_prefix_path/omni_wheel_drive_controller
[0.501s] -- Up-to-date symlink: /home/khemin/khemin_omni/install/omni_wheel_drive_controller/share/omni_wheel_drive_controller/environment/ament_prefix_path.sh
[0.502s] -- Up-to-date symlink: /home/khemin/khemin_omni/install/omni_wheel_drive_controller/share/omni_wheel_drive_controller/environment/ament_prefix_path.dsv
[0.502s] -- Up-to-date symlink: /home/khemin/khemin_omni/install/omni_wheel_drive_controller/share/omni_wheel_drive_controller/environment/path.sh
[0.503s] -- Up-to-date symlink: /home/khemin/khemin_omni/install/omni_wheel_drive_controller/share/omni_wheel_drive_controller/environment/path.dsv
[0.503s] -- Up-to-date symlink: /home/khemin/khemin_omni/install/omni_wheel_drive_controller/share/omni_wheel_drive_controller/local_setup.bash
[0.504s] -- Up-to-date symlink: /home/khemin/khemin_omni/install/omni_wheel_drive_controller/share/omni_wheel_drive_controller/local_setup.sh
[0.504s] -- Up-to-date symlink: /home/khemin/khemin_omni/install/omni_wheel_drive_controller/share/omni_wheel_drive_controller/local_setup.zsh
[0.505s] -- Up-to-date symlink: /home/khemin/khemin_omni/install/omni_wheel_drive_controller/share/omni_wheel_drive_controller/local_setup.dsv
[0.505s] -- Symlinking: /home/khemin/khemin_omni/install/omni_wheel_drive_controller/share/omni_wheel_drive_controller/package.dsv
[0.532s] -- Up-to-date symlink: /home/khemin/khemin_omni/install/omni_wheel_drive_controller/share/ament_index/resource_index/packages/omni_wheel_drive_controller
[0.533s] -- Up-to-date symlink: /home/khemin/khemin_omni/install/omni_wheel_drive_controller/share/ament_index/resource_index/controller_interface__pluginlib__plugin/omni_wheel_drive_controller
[0.534s] -- Up-to-date symlink: /home/khemin/khemin_omni/install/omni_wheel_drive_controller/share/omni_wheel_drive_controller/cmake/ament_cmake_export_dependencies-extras.cmake
[0.534s] -- Up-to-date symlink: /home/khemin/khemin_omni/install/omni_wheel_drive_controller/share/omni_wheel_drive_controller/cmake/ament_cmake_export_targets-extras.cmake
[0.535s] -- Up-to-date symlink: /home/khemin/khemin_omni/install/omni_wheel_drive_controller/share/omni_wheel_drive_controller/cmake/omni_wheel_drive_controllerConfig.cmake
[0.535s] -- Up-to-date symlink: /home/khemin/khemin_omni/install/omni_wheel_drive_controller/share/omni_wheel_drive_controller/cmake/omni_wheel_drive_controllerConfig-version.cmake
[0.536s] -- Up-to-date symlink: /home/khemin/khemin_omni/install/omni_wheel_drive_controller/share/omni_wheel_drive_controller/package.xml
[0.538s] -- Up-to-date: /home/khemin/khemin_omni/install/omni_wheel_drive_controller/lib/libomni_wheel_drive_controller.so
[0.540s] -- Up-to-date: /home/khemin/khemin_omni/install/omni_wheel_drive_controller/share/omni_wheel_drive_controller/cmake/export_omni_wheel_drive_controllerExport.cmake
[0.541s] -- Up-to-date: /home/khemin/khemin_omni/install/omni_wheel_drive_controller/share/omni_wheel_drive_controller/cmake/export_omni_wheel_drive_controllerExport-noconfig.cmake
[0.546s] Invoked command in '/home/khemin/khemin_omni/build/omni_wheel_drive_controller' returned '0': CMAKE_PREFIX_PATH=${CMAKE_PREFIX_PATH}:/opt/ros/jazzy DEBUGINFOD_URLS=https://debuginfod.ubuntu.com /usr/bin/cmake --install /home/khemin/khemin_omni/build/omni_wheel_drive_controller
